{"D:\\microverse\\To-Do-List\\src\\components\\addRemove.js": {"path":"D:\\microverse\\To-Do-List\\src\\components\\addRemove.js","statementMap":{"0":{"start":{"line":1,"column":16},"end":{"line":10,"column":1}},"1":{"start":{"line":2,"column":17},"end":{"line":2,"column":30}},"2":{"start":{"line":3,"column":16},"end":{"line":3,"column":35}},"3":{"start":{"line":4,"column":2},"end":{"line":8,"column":5}},"4":{"start":{"line":9,"column":2},"end":{"line":9,"column":16}},"5":{"start":{"line":12,"column":19},"end":{"line":29,"column":1}},"6":{"start":{"line":13,"column":19},"end":{"line":13,"column":24}},"7":{"start":{"line":14,"column":17},"end":{"line":14,"column":19}},"8":{"start":{"line":16,"column":2},"end":{"line":27,"column":5}},"9":{"start":{"line":17,"column":4},"end":{"line":26,"column":5}},"10":{"start":{"line":18,"column":6},"end":{"line":18,"column":24}},"11":{"start":{"line":20,"column":22},"end":{"line":20,"column":33}},"12":{"start":{"line":21,"column":6},"end":{"line":23,"column":7}},"13":{"start":{"line":22,"column":8},"end":{"line":22,"column":39}},"14":{"start":{"line":25,"column":6},"end":{"line":25,"column":27}},"15":{"start":{"line":28,"column":2},"end":{"line":28,"column":16}}},"fnMap":{"0":{"name":"(anonymous_0)","decl":{"start":{"line":1,"column":16},"end":{"line":1,"column":17}},"loc":{"start":{"line":1,"column":43},"end":{"line":10,"column":1}},"line":1},"1":{"name":"(anonymous_1)","decl":{"start":{"line":12,"column":19},"end":{"line":12,"column":20}},"loc":{"start":{"line":12,"column":44},"end":{"line":29,"column":1}},"line":12},"2":{"name":"(anonymous_2)","decl":{"start":{"line":16,"column":19},"end":{"line":16,"column":20}},"loc":{"start":{"line":16,"column":29},"end":{"line":27,"column":3}},"line":16}},"branchMap":{"0":{"loc":{"start":{"line":17,"column":4},"end":{"line":26,"column":5}},"type":"if","locations":[{"start":{"line":17,"column":4},"end":{"line":26,"column":5}},{"start":{"line":19,"column":11},"end":{"line":26,"column":5}}],"line":17},"1":{"loc":{"start":{"line":21,"column":6},"end":{"line":23,"column":7}},"type":"if","locations":[{"start":{"line":21,"column":6},"end":{"line":23,"column":7}},{"start":{},"end":{}}],"line":21}},"s":{"0":1,"1":2,"2":2,"3":2,"4":2,"5":1,"6":3,"7":3,"8":3,"9":6,"10":1,"11":5,"12":5,"13":1,"14":5,"15":3},"f":{"0":2,"1":3,"2":6},"b":{"0":[1,5],"1":[1,4]},"_coverageSchema":"1a1c01bbd47fc00a2c39e90264f33305004495a9","hash":"6e2778db61c5d34b9a955e5eb845547bcf7117c1"}
}
